\BOOKMARK [1][-]{section.1}{\376\377\000S\000p\000i\000k\000e\000s\000\040\000a\000n\000d\000\040\000b\000u\000r\000s\000t\000s\000\040\000d\000e\000t\000e\000c\000t\000i\000o\000n\000\040\000i\000n\000\040\000m\000e\000m\000b\000r\000a\000n\000e\000\040\000p\000o\000t\000e\000n\000t\000i\000a\000l\000\040\000t\000i\000m\000e\000\040\000s\000e\000r\000i\000e\000s}{}% 1
\BOOKMARK [1][-]{section.2}{\376\377\000F\000i\000l\000e\000\040\000F\000o\000r\000m\000a\000t\000s\000\040\000i\000n\000\040\000E\000l\000e\000c\000t\000r\000o\000p\000h\000y\000s\000i\000o\000l\000o\000g\000y}{}% 2
\BOOKMARK [1][-]{section.3}{\376\377\000B\000a\000s\000i\000c\000\040\000p\000a\000c\000k\000a\000g\000e\000s\000\040\000a\000n\000d\000\040\000f\000o\000r\000m\000a\000t\000s\000\040\000i\000n\000\040\000P\000y\000t\000h\000o\000n}{}% 3
\BOOKMARK [1][-]{section.4}{\376\377\000B\000u\000r\000s\000t\000\040\000a\000n\000d\000\040\000G\000l\000o\000b\000a\000l\000\040\000N\000e\000u\000r\000o\000n\000a\000l\000\040\000A\000c\000t\000i\000v\000i\000t\000y\000\040\000i\000n\000\040\000t\000h\000e\000\040\000L\000a\000t\000e\000r\000a\000l\000\040\000H\000a\000b\000e\000n\000u\000l\000a\000r\000\040\000C\000o\000m\000p\000l\000e\000x\000\040\000\050\000L\000H\000b\000\051}{}% 4
\BOOKMARK [2][-]{subsection.4.1}{\376\377\000T\000y\000p\000e\000s\000\040\000o\000f\000\040\000B\000u\000r\000s\000t\000s\000\040\000i\000n\000\040\000L\000H\000b\000\040\000N\000e\000u\000r\000o\000n\000s}{section.4}% 5
\BOOKMARK [2][-]{subsection.4.2}{\376\377\000G\000l\000o\000b\000a\000l\000\040\000N\000e\000u\000r\000o\000n\000a\000l\000\040\000A\000c\000t\000i\000v\000i\000t\000y\000\040\000P\000a\000t\000t\000e\000r\000n\000s\000\040\000i\000n\000\040\000L\000H\000b}{section.4}% 6
\BOOKMARK [2][-]{subsection.4.3}{\376\377\000P\000a\000t\000h\000o\000l\000o\000g\000i\000c\000a\000l\000\040\000B\000u\000r\000s\000t\000i\000n\000g\000\040\000i\000n\000\040\000L\000H\000b}{section.4}% 7
\BOOKMARK [2][-]{subsection.4.4}{\376\377\000L\000H\000b\000\040\000a\000n\000d\000\040\000N\000e\000u\000r\000o\000m\000o\000d\000u\000l\000a\000t\000i\000o\000n}{section.4}% 8
\BOOKMARK [2][-]{subsection.4.5}{\376\377\000F\000u\000n\000c\000t\000i\000o\000n\000a\000l\000\040\000I\000m\000p\000l\000i\000c\000a\000t\000i\000o\000n\000s\000\040\000o\000f\000\040\000L\000H\000b\000\040\000B\000u\000r\000s\000t\000i\000n\000g}{section.4}% 9
\BOOKMARK [2][-]{subsection.4.6}{\376\377\000C\000o\000n\000c\000l\000u\000s\000i\000o\000n}{section.4}% 10
\BOOKMARK [1][-]{section.5}{\376\377\000T\000o\000n\000i\000c\000\040\000R\000e\000g\000u\000l\000a\000r\000\040\000v\000s\000.\000\040\000T\000o\000n\000i\000c\000\040\000I\000r\000r\000e\000g\000u\000l\000a\000r\000\040\000F\000i\000r\000i\000n\000g\000\040\000i\000n\000\040\000N\000e\000u\000r\000o\000n\000s}{}% 11
\BOOKMARK [2][-]{subsection.5.1}{\376\377\000T\000o\000n\000i\000c\000\040\000R\000e\000g\000u\000l\000a\000r}{section.5}% 12
\BOOKMARK [2][-]{subsection.5.2}{\376\377\000T\000o\000n\000i\000c\000\040\000I\000r\000r\000e\000g\000u\000l\000a\000r}{section.5}% 13
\BOOKMARK [2][-]{subsection.5.3}{\376\377\000K\000e\000y\000\040\000D\000i\000f\000f\000e\000r\000e\000n\000c\000e\000s}{section.5}% 14
\BOOKMARK [2][-]{subsection.5.4}{\376\377\000F\000u\000n\000c\000t\000i\000o\000n\000a\000l\000\040\000I\000m\000p\000l\000i\000c\000a\000t\000i\000o\000n\000s}{section.5}% 15
\BOOKMARK [1][-]{section.6}{\376\377\000T\000y\000p\000e\000s\000\040\000o\000f\000\040\000B\000u\000r\000s\000t\000s\000\040\000i\000n\000\040\000t\000h\000e\000\040\000L\000a\000t\000e\000r\000a\000l\000\040\000H\000a\000b\000e\000n\000u\000l\000a\000r\000\040\000C\000o\000m\000p\000l\000e\000x\000\040\000\050\000L\000H\000b\000\051}{}% 16
\BOOKMARK [2][-]{subsection.6.1}{\376\377\000P\000h\000a\000s\000i\000c\000\040\000B\000u\000r\000s\000t\000s}{section.6}% 17
\BOOKMARK [2][-]{subsection.6.2}{\376\377\000T\000o\000n\000i\000c\000\040\000B\000u\000r\000s\000t\000s}{section.6}% 18
\BOOKMARK [2][-]{subsection.6.3}{\376\377\000I\000r\000r\000e\000g\000u\000l\000a\000r\000\040\000B\000u\000r\000s\000t\000s}{section.6}% 19
\BOOKMARK [2][-]{subsection.6.4}{\376\377\000P\000a\000t\000h\000o\000l\000o\000g\000i\000c\000a\000l\000\040\000B\000u\000r\000s\000t\000s}{section.6}% 20
\BOOKMARK [2][-]{subsection.6.5}{\376\377\000S\000u\000m\000m\000a\000r\000y}{section.6}% 21
\BOOKMARK [1][-]{section.7}{\376\377\000C\000l\000a\000s\000s\000i\000c\000a\000l\000\040\000B\000u\000r\000s\000t\000\040\000D\000e\000t\000e\000c\000t\000i\000o\000n\000\040\000T\000e\000c\000h\000n\000i\000q\000u\000e}{}% 22
\BOOKMARK [2][-]{subsection.7.1}{\376\377\000K\000e\000y\000\040\000C\000o\000n\000c\000e\000p\000t\000s\000\040\000a\000n\000d\000\040\000N\000o\000t\000a\000t\000i\000o\000n}{section.7}% 23
\BOOKMARK [2][-]{subsection.7.2}{\376\377\000M\000o\000d\000e\000l\000\040\000F\000r\000a\000m\000e\000w\000o\000r\000k}{section.7}% 24
\BOOKMARK [2][-]{subsection.7.3}{\376\377\000D\000y\000n\000a\000m\000i\000c\000\040\000P\000r\000o\000g\000r\000a\000m\000m\000i\000n\000g\000\040\000S\000o\000l\000u\000t\000i\000o\000n}{section.7}% 25
\BOOKMARK [2][-]{subsection.7.4}{\376\377\000A\000p\000p\000l\000i\000c\000a\000t\000i\000o\000n\000s}{section.7}% 26
\BOOKMARK [2][-]{subsection.7.5}{\376\377\000R\000e\000f\000e\000r\000e\000n\000c\000e}{section.7}% 27
\BOOKMARK [1][-]{section.8}{\376\377\000A\000d\000v\000a\000n\000c\000e\000d\000\040\000B\000u\000r\000s\000t\000\040\000D\000e\000t\000e\000c\000t\000i\000o\000n\000:\000\040\000S\000p\000i\000k\000e\000\040\000E\000v\000e\000n\000t\000s\000\040\000a\000n\000d\000\040\000V\000o\000l\000t\000a\000g\000e\000\040\000D\000y\000n\000a\000m\000i\000c\000s}{}% 28
\BOOKMARK [2][-]{subsection.8.1}{\376\377\000D\000e\000f\000i\000n\000i\000t\000i\000o\000n\000\040\000o\000f\000\040\000a\000\040\000B\000u\000r\000s\000t}{section.8}% 29
\BOOKMARK [2][-]{subsection.8.2}{\376\377\000M\000a\000t\000h\000e\000m\000a\000t\000i\000c\000a\000l\000\040\000F\000r\000a\000m\000e\000w\000o\000r\000k}{section.8}% 30
\BOOKMARK [2][-]{subsection.8.3}{\376\377\000A\000l\000g\000o\000r\000i\000t\000h\000m\000\040\000f\000o\000r\000\040\000B\000u\000r\000s\000t\000\040\000D\000e\000t\000e\000c\000t\000i\000o\000n}{section.8}% 31
\BOOKMARK [2][-]{subsection.8.4}{\376\377\000A\000p\000p\000l\000i\000c\000a\000t\000i\000o\000n\000s}{section.8}% 32
\BOOKMARK [2][-]{subsection.8.5}{\376\377\000E\000x\000a\000m\000p\000l\000e\000\040\000V\000i\000s\000u\000a\000l\000i\000z\000a\000t\000i\000o\000n}{section.8}% 33
\BOOKMARK [1][-]{section.9}{\376\377\000B\000e\000y\000o\000n\000d\000\040\000s\000p\000i\000k\000e\000\040\000e\000v\000e\000n\000t\000s}{}% 34
\BOOKMARK [1][-]{section.10}{\376\377\000B\000u\000r\000s\000t\000\040\000D\000e\000t\000e\000c\000t\000i\000o\000n\000\040\000w\000i\000t\000h\000\040\000V\000o\000l\000t\000a\000g\000e\000\040\000P\000a\000t\000t\000e\000r\000n\000s\000:\000\040\000P\000r\000e\000-\000\040\000a\000n\000d\000\040\000P\000o\000s\000t\000-\000B\000u\000r\000s\000t\000\040\000A\000n\000a\000l\000y\000s\000i\000s}{}% 35
\BOOKMARK [2][-]{subsection.10.1}{\376\377\000D\000e\000f\000i\000n\000i\000t\000i\000o\000n\000\040\000o\000f\000\040\000V\000o\000l\000t\000a\000g\000e\000\040\000P\000a\000t\000t\000e\000r\000n\000s\000\040\000A\000r\000o\000u\000n\000d\000\040\000B\000u\000r\000s\000t\000s}{section.10}% 36
\BOOKMARK [2][-]{subsection.10.2}{\376\377\000V\000o\000l\000t\000a\000g\000e\000\040\000M\000e\000t\000r\000i\000c\000s\000\040\000f\000o\000r\000\040\000C\000o\000m\000p\000a\000r\000i\000s\000o\000n}{section.10}% 37
\BOOKMARK [2][-]{subsection.10.3}{\376\377\000C\000r\000i\000t\000e\000r\000i\000a\000\040\000f\000o\000r\000\040\000C\000o\000n\000t\000e\000x\000t\000u\000a\000l\000\040\000B\000u\000r\000s\000t\000\040\000V\000a\000l\000i\000d\000a\000t\000i\000o\000n}{section.10}% 38
\BOOKMARK [2][-]{subsection.10.4}{\376\377\000P\000r\000e\000-\000\040\000a\000n\000d\000\040\000P\000o\000s\000t\000-\000B\000u\000r\000s\000t\000\040\000D\000y\000n\000a\000m\000i\000c\000s}{section.10}% 39
\BOOKMARK [2][-]{subsection.10.5}{\376\377\000E\000x\000a\000m\000p\000l\000e\000\040\000A\000n\000a\000l\000y\000s\000i\000s\000\040\000W\000o\000r\000k\000f\000l\000o\000w}{section.10}% 40
\BOOKMARK [2][-]{subsection.10.6}{\376\377\000A\000p\000p\000l\000i\000c\000a\000t\000i\000o\000n\000s}{section.10}% 41
\BOOKMARK [1][-]{section.11}{\376\377\000B\000u\000r\000s\000t\000\040\000D\000y\000n\000a\000m\000i\000c\000s\000:\000\040\000I\000n\000t\000r\000a\000-\000B\000u\000r\000s\000t\000\040\000S\000p\000i\000k\000e\000\040\000F\000r\000e\000q\000u\000e\000n\000c\000y\000\040\000V\000a\000r\000i\000a\000t\000i\000o\000n}{}% 42
\BOOKMARK [2][-]{subsection.11.1}{\376\377\000S\000p\000i\000k\000e\000\040\000F\000r\000e\000q\000u\000e\000n\000c\000y\000\040\000A\000n\000a\000l\000y\000s\000i\000s}{section.11}% 43
\BOOKMARK [2][-]{subsection.11.2}{\376\377\000M\000o\000d\000e\000l\000s\000\040\000o\000f\000\040\000I\000n\000t\000r\000a\000-\000B\000u\000r\000s\000t\000\040\000F\000r\000e\000q\000u\000e\000n\000c\000y\000\040\000V\000a\000r\000i\000a\000t\000i\000o\000n}{section.11}% 44
\BOOKMARK [2][-]{subsection.11.3}{\376\377\000A\000n\000a\000l\000y\000s\000i\000s\000\040\000W\000o\000r\000k\000f\000l\000o\000w}{section.11}% 45
\BOOKMARK [2][-]{subsection.11.4}{\376\377\000A\000p\000p\000l\000i\000c\000a\000t\000i\000o\000n\000s}{section.11}% 46
\BOOKMARK [2][-]{subsection.11.5}{\376\377\000E\000x\000a\000m\000p\000l\000e\000:\000\040\000B\000u\000r\000s\000t\000\040\000F\000r\000e\000q\000u\000e\000n\000c\000y\000\040\000D\000y\000n\000a\000m\000i\000c\000s}{section.11}% 47
\BOOKMARK [1][-]{section.12}{\376\377\000M\000o\000d\000e\000l\000s\000\040\000o\000f\000\040\000I\000n\000t\000r\000a\000-\000B\000u\000r\000s\000t\000\040\000F\000r\000e\000q\000u\000e\000n\000c\000y\000\040\000V\000a\000r\000i\000a\000t\000i\000o\000n}{}% 48
\BOOKMARK [2][-]{subsection.12.1}{\376\377\000K\000o\000m\000e\000n\000d\000a\000n\000t\000o\000v\000-\000K\000o\000n\000o\000n\000e\000n\000k\000o\000\040\000M\000o\000d\000e\000l}{section.12}% 49
\BOOKMARK [2][-]{subsection.12.2}{\376\377\000F\000i\000r\000i\000n\000g\000\040\000S\000t\000a\000t\000i\000s\000t\000i\000c\000s\000-\000B\000a\000s\000e\000d\000\040\000A\000l\000g\000o\000r\000i\000t\000h\000m}{section.12}% 50
\BOOKMARK [2][-]{subsection.12.3}{\376\377\000C\000h\000a\000t\000t\000e\000r\000i\000n\000g\000\040\000C\000e\000l\000l\000s}{section.12}% 51
\BOOKMARK [2][-]{subsection.12.4}{\376\377\000C\000l\000i\000m\000b\000i\000n\000g\000\040\000F\000i\000b\000e\000r\000s}{section.12}% 52
\BOOKMARK [1][-]{section.13}{\376\377\000A\000n\000a\000l\000y\000s\000i\000s\000\040\000o\000f\000\040\000I\000n\000t\000r\000a\000-\000B\000u\000r\000s\000t\000\040\000F\000r\000e\000q\000u\000e\000n\000c\000y\000\040\000E\000v\000o\000l\000u\000t\000i\000o\000n}{}% 53
\BOOKMARK [1][-]{section.14}{\376\377\000A\000n\000a\000l\000y\000s\000i\000s\000\040\000o\000f\000\040\000I\000n\000t\000r\000a\000-\000B\000u\000r\000s\000t\000\040\000F\000r\000e\000q\000u\000e\000n\000c\000y\000\040\000E\000v\000o\000l\000u\000t\000i\000o\000n}{}% 54
\BOOKMARK [2][-]{subsection.14.1}{\376\377\000I\000n\000s\000t\000a\000n\000t\000a\000n\000e\000o\000u\000s\000\040\000F\000r\000e\000q\000u\000e\000n\000c\000y\000\040\000A\000n\000a\000l\000y\000s\000i\000s}{section.14}% 55
\BOOKMARK [2][-]{subsection.14.2}{\376\377\000T\000r\000e\000n\000d\000\040\000A\000n\000a\000l\000y\000s\000i\000s\000\040\000w\000i\000t\000h\000i\000n\000\040\000B\000u\000r\000s\000t\000s}{section.14}% 56
\BOOKMARK [2][-]{subsection.14.3}{\376\377\000C\000h\000a\000n\000g\000e\000\040\000P\000o\000i\000n\000t\000\040\000D\000e\000t\000e\000c\000t\000i\000o\000n}{section.14}% 57
\BOOKMARK [2][-]{subsection.14.4}{\376\377\000C\000l\000u\000s\000t\000e\000r\000i\000n\000g\000\040\000o\000f\000\040\000B\000u\000r\000s\000t\000\040\000D\000y\000n\000a\000m\000i\000c\000s}{section.14}% 58
\BOOKMARK [2][-]{subsection.14.5}{\376\377\000C\000o\000n\000c\000l\000u\000s\000i\000o\000n}{section.14}% 59
\BOOKMARK [1][-]{section.15}{\376\377\000C\000l\000a\000s\000s\000i\000f\000i\000c\000a\000t\000i\000o\000n\000\040\000o\000f\000\040\000B\000u\000r\000s\000t\000s\000\040\000B\000a\000s\000e\000d\000\040\000o\000n\000\040\000F\000r\000e\000q\000u\000e\000n\000c\000y\000\040\000E\000v\000o\000l\000u\000t\000i\000o\000n}{}% 60
\BOOKMARK [2][-]{subsection.15.1}{\376\377\000C\000l\000a\000s\000s\000i\000f\000i\000c\000a\000t\000i\000o\000n\000\040\000M\000e\000t\000h\000o\000d\000s}{section.15}% 61
\BOOKMARK [2][-]{subsection.15.2}{\376\377\000A\000p\000p\000l\000i\000c\000a\000t\000i\000o\000n\000\040\000a\000n\000d\000\040\000I\000n\000t\000e\000r\000p\000r\000e\000t\000a\000t\000i\000o\000n}{section.15}% 62
\BOOKMARK [1][-]{section.16}{\376\377\000F\000u\000n\000c\000t\000i\000o\000n\000a\000l\000\040\000D\000a\000t\000a\000\040\000A\000n\000a\000l\000y\000s\000i\000s\000\040\000A\000p\000p\000r\000o\000a\000c\000h\000\040\000t\000o\000\040\000B\000u\000r\000s\000t\000\040\000C\000l\000a\000s\000s\000i\000f\000i\000c\000a\000t\000i\000o\000n}{}% 63
\BOOKMARK [2][-]{subsection.16.1}{\376\377\000E\000s\000t\000i\000m\000a\000t\000i\000n\000g\000\040\000t\000h\000e\000\040\000I\000n\000s\000t\000a\000n\000t\000a\000n\000e\000o\000u\000s\000\040\000S\000p\000i\000k\000i\000n\000g\000\040\000R\000a\000t\000e\000\040\000C\000u\000r\000v\000e}{section.16}% 64
\BOOKMARK [2][-]{subsection.16.2}{\376\377\000D\000i\000m\000e\000n\000s\000i\000o\000n\000a\000l\000i\000t\000y\000\040\000R\000e\000d\000u\000c\000t\000i\000o\000n\000\040\000a\000n\000d\000\040\000F\000e\000a\000t\000u\000r\000e\000\040\000E\000x\000t\000r\000a\000c\000t\000i\000o\000n}{section.16}% 65
\BOOKMARK [2][-]{subsection.16.3}{\376\377\000C\000l\000a\000s\000s\000i\000f\000i\000c\000a\000t\000i\000o\000n\000\040\000M\000e\000t\000h\000o\000d\000s}{section.16}% 66
\BOOKMARK [2][-]{subsection.16.4}{\376\377\000A\000p\000p\000l\000i\000c\000a\000t\000i\000o\000n\000\040\000a\000n\000d\000\040\000I\000n\000t\000e\000r\000p\000r\000e\000t\000a\000t\000i\000o\000n}{section.16}% 67
\BOOKMARK [1][-]{section.17}{\376\377\000d\000d\000d\000d}{}% 68
\BOOKMARK [1][-]{section.18}{\376\377\000e\000e\000e}{}% 69
\BOOKMARK [1][-]{section.19}{\376\377\000S\000o\000m\000e\000\040\000P\000y\000t\000h\000o\000n\000\040\000p\000a\000c\000k\000a\000g\000e\000s}{}% 70
\BOOKMARK [1][-]{section.20}{\376\377\000R\000\351\000f\000\351\000r\000e\000n\000c\000e\000s}{}% 71
